Thu Mar 16 23:33:24 EDT 2017 Thread[RMI TCP Connection(1)-127.0.0.1,5,RMI Runtime] Cleanup action starting
java.sql.SQLException: Database 'data' not found.
	at org.apache.derby.impl.jdbc.SQLExceptionFactory.getSQLException(Unknown Source)
	at org.apache.derby.impl.jdbc.SQLExceptionFactory.getSQLException(Unknown Source)
	at org.apache.derby.impl.jdbc.Util.generateCsSQLException(Unknown Source)
	at org.apache.derby.impl.jdbc.Util.generateCsSQLException(Unknown Source)
	at org.apache.derby.impl.jdbc.EmbedConnection.newSQLException(Unknown Source)
	at org.apache.derby.impl.jdbc.EmbedConnection.handleDBNotFound(Unknown Source)
	at org.apache.derby.impl.jdbc.EmbedConnection.<init>(Unknown Source)
	at org.apache.derby.jdbc.InternalDriver.getNewEmbedConnection(Unknown Source)
	at org.apache.derby.jdbc.InternalDriver.connect(Unknown Source)
	at org.apache.derby.jdbc.InternalDriver.connect(Unknown Source)
	at org.apache.derby.jdbc.AutoloadedDriver.connect(Unknown Source)
	at java.sql.DriverManager.getConnection(DriverManager.java:664)
	at java.sql.DriverManager.getConnection(DriverManager.java:270)
	at SQL.connect(SQL.java:9)
	at App.main(App.java:6)
	at sun.reflect.NativeMethodAccessorImpl.invoke0(Native Method)
	at sun.reflect.NativeMethodAccessorImpl.invoke(NativeMethodAccessorImpl.java:62)
	at sun.reflect.DelegatingMethodAccessorImpl.invoke(DelegatingMethodAccessorImpl.java:43)
	at java.lang.reflect.Method.invoke(Method.java:498)
	at edu.rice.cs.drjava.model.compiler.JavacCompiler.runCommand(JavacCompiler.java:272)
	at sun.reflect.NativeMethodAccessorImpl.invoke0(Native Method)
	at sun.reflect.NativeMethodAccessorImpl.invoke(NativeMethodAccessorImpl.java:62)
	at sun.reflect.DelegatingMethodAccessorImpl.invoke(DelegatingMethodAccessorImpl.java:43)
	at java.lang.reflect.Method.invoke(Method.java:498)
	at edu.rice.cs.dynamicjava.symbol.JavaClass$JavaMethod.evaluate(JavaClass.java:362)
	at edu.rice.cs.dynamicjava.interpreter.ExpressionEvaluator.handleMethodCall(ExpressionEvaluator.java:92)
	at edu.rice.cs.dynamicjava.interpreter.ExpressionEvaluator.visit(ExpressionEvaluator.java:84)
	at koala.dynamicjava.tree.StaticMethodCall.acceptVisitor(StaticMethodCall.java:121)
	at edu.rice.cs.dynamicjava.interpreter.ExpressionEvaluator.value(ExpressionEvaluator.java:38)
	at edu.rice.cs.dynamicjava.interpreter.ExpressionEvaluator.value(ExpressionEvaluator.java:37)
	at edu.rice.cs.dynamicjava.interpreter.StatementEvaluator.visit(StatementEvaluator.java:106)
	at edu.rice.cs.dynamicjava.interpreter.StatementEvaluator.visit(StatementEvaluator.java:29)
	at koala.dynamicjava.tree.ExpressionStatement.acceptVisitor(ExpressionStatement.java:101)
	at edu.rice.cs.dynamicjava.interpreter.StatementEvaluator.evaluateSequence(StatementEvaluator.java:66)
	at edu.rice.cs.dynamicjava.interpreter.Interpreter.evaluate(Interpreter.java:77)
	at edu.rice.cs.dynamicjava.interpreter.Interpreter.interpret(Interpreter.java:47)
	at edu.rice.cs.drjava.model.repl.newjvm.InterpreterJVM.interpret(InterpreterJVM.java:246)
	at edu.rice.cs.drjava.model.repl.newjvm.InterpreterJVM.interpret(InterpreterJVM.java:220)
	at sun.reflect.NativeMethodAccessorImpl.invoke0(Native Method)
	at sun.reflect.NativeMethodAccessorImpl.invoke(NativeMethodAccessorImpl.java:62)
	at sun.reflect.DelegatingMethodAccessorImpl.invoke(DelegatingMethodAccessorImpl.java:43)
	at java.lang.reflect.Method.invoke(Method.java:498)
	at sun.rmi.server.UnicastServerRef.dispatch(UnicastServerRef.java:346)
	at sun.rmi.transport.Transport$1.run(Transport.java:200)
	at sun.rmi.transport.Transport$1.run(Transport.java:197)
	at java.security.AccessController.doPrivileged(Native Method)
	at sun.rmi.transport.Transport.serviceCall(Transport.java:196)
	at sun.rmi.transport.tcp.TCPTransport.handleMessages(TCPTransport.java:568)
	at sun.rmi.transport.tcp.TCPTransport$ConnectionHandler.run0(TCPTransport.java:826)
	at sun.rmi.transport.tcp.TCPTransport$ConnectionHandler.lambda$run$0(TCPTransport.java:683)
	at java.security.AccessController.doPrivileged(Native Method)
	at sun.rmi.transport.tcp.TCPTransport$ConnectionHandler.run(TCPTransport.java:682)
	at java.util.concurrent.ThreadPoolExecutor.runWorker(ThreadPoolExecutor.java:1142)
	at java.util.concurrent.ThreadPoolExecutor$Worker.run(ThreadPoolExecutor.java:617)
	at java.lang.Thread.run(Thread.java:745)
Caused by: ERROR XJ004: Database 'data' not found.
	at org.apache.derby.iapi.error.StandardException.newException(Unknown Source)
	at org.apache.derby.impl.jdbc.SQLExceptionFactory.wrapArgsForTransportAcrossDRDA(Unknown Source)
	... 55 more
============= begin nested exception, level (1) ===========
ERROR XJ004: Database 'data' not found.
	at org.apache.derby.iapi.error.StandardException.newException(Unknown Source)
	at org.apache.derby.impl.jdbc.SQLExceptionFactory.wrapArgsForTransportAcrossDRDA(Unknown Source)
	at org.apache.derby.impl.jdbc.SQLExceptionFactory.getSQLException(Unknown Source)
	at org.apache.derby.impl.jdbc.SQLExceptionFactory.getSQLException(Unknown Source)
	at org.apache.derby.impl.jdbc.Util.generateCsSQLException(Unknown Source)
	at org.apache.derby.impl.jdbc.Util.generateCsSQLException(Unknown Source)
	at org.apache.derby.impl.jdbc.EmbedConnection.newSQLException(Unknown Source)
	at org.apache.derby.impl.jdbc.EmbedConnection.handleDBNotFound(Unknown Source)
	at org.apache.derby.impl.jdbc.EmbedConnection.<init>(Unknown Source)
	at org.apache.derby.jdbc.InternalDriver.getNewEmbedConnection(Unknown Source)
	at org.apache.derby.jdbc.InternalDriver.connect(Unknown Source)
	at org.apache.derby.jdbc.InternalDriver.connect(Unknown Source)
	at org.apache.derby.jdbc.AutoloadedDriver.connect(Unknown Source)
	at java.sql.DriverManager.getConnection(DriverManager.java:664)
	at java.sql.DriverManager.getConnection(DriverManager.java:270)
	at SQL.connect(SQL.java:9)
	at App.main(App.java:6)
	at sun.reflect.NativeMethodAccessorImpl.invoke0(Native Method)
	at sun.reflect.NativeMethodAccessorImpl.invoke(NativeMethodAccessorImpl.java:62)
	at sun.reflect.DelegatingMethodAccessorImpl.invoke(DelegatingMethodAccessorImpl.java:43)
	at java.lang.reflect.Method.invoke(Method.java:498)
	at edu.rice.cs.drjava.model.compiler.JavacCompiler.runCommand(JavacCompiler.java:272)
	at sun.reflect.NativeMethodAccessorImpl.invoke0(Native Method)
	at sun.reflect.NativeMethodAccessorImpl.invoke(NativeMethodAccessorImpl.java:62)
	at sun.reflect.DelegatingMethodAccessorImpl.invoke(DelegatingMethodAccessorImpl.java:43)
	at java.lang.reflect.Method.invoke(Method.java:498)
	at edu.rice.cs.dynamicjava.symbol.JavaClass$JavaMethod.evaluate(JavaClass.java:362)
	at edu.rice.cs.dynamicjava.interpreter.ExpressionEvaluator.handleMethodCall(ExpressionEvaluator.java:92)
	at edu.rice.cs.dynamicjava.interpreter.ExpressionEvaluator.visit(ExpressionEvaluator.java:84)
	at koala.dynamicjava.tree.StaticMethodCall.acceptVisitor(StaticMethodCall.java:121)
	at edu.rice.cs.dynamicjava.interpreter.ExpressionEvaluator.value(ExpressionEvaluator.java:38)
	at edu.rice.cs.dynamicjava.interpreter.ExpressionEvaluator.value(ExpressionEvaluator.java:37)
	at edu.rice.cs.dynamicjava.interpreter.StatementEvaluator.visit(StatementEvaluator.java:106)
	at edu.rice.cs.dynamicjava.interpreter.StatementEvaluator.visit(StatementEvaluator.java:29)
	at koala.dynamicjava.tree.ExpressionStatement.acceptVisitor(ExpressionStatement.java:101)
	at edu.rice.cs.dynamicjava.interpreter.StatementEvaluator.evaluateSequence(StatementEvaluator.java:66)
	at edu.rice.cs.dynamicjava.interpreter.Interpreter.evaluate(Interpreter.java:77)
	at edu.rice.cs.dynamicjava.interpreter.Interpreter.interpret(Interpreter.java:47)
	at edu.rice.cs.drjava.model.repl.newjvm.InterpreterJVM.interpret(InterpreterJVM.java:246)
	at edu.rice.cs.drjava.model.repl.newjvm.InterpreterJVM.interpret(InterpreterJVM.java:220)
	at sun.reflect.NativeMethodAccessorImpl.invoke0(Native Method)
	at sun.reflect.NativeMethodAccessorImpl.invoke(NativeMethodAccessorImpl.java:62)
	at sun.reflect.DelegatingMethodAccessorImpl.invoke(DelegatingMethodAccessorImpl.java:43)
	at java.lang.reflect.Method.invoke(Method.java:498)
	at sun.rmi.server.UnicastServerRef.dispatch(UnicastServerRef.java:346)
	at sun.rmi.transport.Transport$1.run(Transport.java:200)
	at sun.rmi.transport.Transport$1.run(Transport.java:197)
	at java.security.AccessController.doPrivileged(Native Method)
	at sun.rmi.transport.Transport.serviceCall(Transport.java:196)
	at sun.rmi.transport.tcp.TCPTransport.handleMessages(TCPTransport.java:568)
	at sun.rmi.transport.tcp.TCPTransport$ConnectionHandler.run0(TCPTransport.java:826)
	at sun.rmi.transport.tcp.TCPTransport$ConnectionHandler.lambda$run$0(TCPTransport.java:683)
	at java.security.AccessController.doPrivileged(Native Method)
	at sun.rmi.transport.tcp.TCPTransport$ConnectionHandler.run(TCPTransport.java:682)
	at java.util.concurrent.ThreadPoolExecutor.runWorker(ThreadPoolExecutor.java:1142)
	at java.util.concurrent.ThreadPoolExecutor$Worker.run(ThreadPoolExecutor.java:617)
	at java.lang.Thread.run(Thread.java:745)
============= end nested exception, level (1) ===========
Cleanup action completed
----------------------------------------------------------------
Thu Mar 16 23:33:24 EDT 2017:
Booting Derby version The Apache Software Foundation - Apache Derby - 10.11.1.2 - (1629631): instance a816c00e-015a-da53-ba8b-0000063a0f30 
on database directory /Users/Oliver/Desktop/DevineWare/data with class loader edu.rice.cs.plt.reflect.PathClassLoader@115fd64b 
Loaded from null
java.vendor=Oracle Corporation
java.runtime.version=1.8.0_121-b13
user.dir=/Users/Oliver/Desktop/DevineWare
os.name=Mac OS X
os.arch=x86_64
os.version=10.12.3
derby.system.home=null
Database Class Loader started - derby.database.classpath=''
----------------------------------------------------------------
Thu Mar 16 23:33:26 EDT 2017: Shutting down Derby engine
----------------------------------------------------------------
Thu Mar 16 23:33:26 EDT 2017:
Shutting down instance a816c00e-015a-da53-ba8b-0000063a0f30 on database directory /Users/Oliver/Desktop/DevineWare/data with class loader edu.rice.cs.plt.reflect.PathClassLoader@115fd64b 
----------------------------------------------------------------
